<?xml version="1.0" encoding="UTF-8"?>
<!-- Generated by org.testng.reporters.JUnitXMLReporter -->
<testsuite ignored="0" hostname="Cnu" failures="0" tests="3" name="Default test" time="18.964" errors="0" timestamp="2023-01-26T10:00:15 IST">
  <testcase classname="com.OrangeHRMApplicationPagesTest.OrangeHRMLogInPageTest" name="logInPanelTextValidationTest" time="0.128"/>
  <testcase classname="com.OrangeHRMApplicationPagesTest.OrangeHRMLogInPageTest" name="logInTest" time="1.959"/>
  <testcase classname="com.OrangeHRMApplicationPagesTest.OrangeHRMLogInPageTest" name="OrangeHRMLogoValidationTest" time="0.122"/>
</testsuite> <!-- Default test -->
