<?xml version="1.0" encoding="UTF-8"?>
<testng-results ignored="0" total="2" passed="2" failed="0" skipped="0">
  <reporter-output>
  </reporter-output>
  <suite started-at="2023-01-23T10:13:28 IST" name="OrangeHRMApplication" finished-at="2023-01-23T10:14:26 IST" duration-ms="57809">
    <groups>
    </groups>
    <test started-at="2023-01-23T10:13:28 IST" name="LoginTest" finished-at="2023-01-23T10:14:26 IST" duration-ms="57809">
      <class name="com.OrangeHRMApplicationTestCases.LoginTest">
        <test-method is-config="true" signature="setUp()[pri:0, instance:com.OrangeHRMApplicationTestCases.LoginTest@69e1dd28]" started-at="2023-01-23T10:13:28 IST" name="setUp" finished-at="2023-01-23T10:13:35 IST" duration-ms="6824" status="PASS">
          <reporter-output>
          </reporter-output>
        </test-method> <!-- setUp -->
        <test-method signature="validateLoginPageTest()[pri:1, instance:com.OrangeHRMApplicationTestCases.LoginTest@69e1dd28]" started-at="2023-01-23T10:13:35 IST" name="validateLoginPageTest" finished-at="2023-01-23T10:13:37 IST" duration-ms="2023" status="PASS">
          <reporter-output>
          </reporter-output>
        </test-method> <!-- validateLoginPageTest -->
        <test-method signature="loginFunctionalityTest()[pri:2, instance:com.OrangeHRMApplicationTestCases.LoginTest@69e1dd28]" started-at="2023-01-23T10:13:37 IST" name="loginFunctionalityTest" finished-at="2023-01-23T10:14:25 IST" duration-ms="47506" status="PASS">
          <reporter-output>
          </reporter-output>
        </test-method> <!-- loginFunctionalityTest -->
        <test-method is-config="true" signature="tearDown()[pri:0, instance:com.OrangeHRMApplicationTestCases.LoginTest@69e1dd28]" started-at="2023-01-23T10:14:25 IST" name="tearDown" finished-at="2023-01-23T10:14:26 IST" duration-ms="1293" status="PASS">
          <reporter-output>
          </reporter-output>
        </test-method> <!-- tearDown -->
      </class> <!-- com.OrangeHRMApplicationTestCases.LoginTest -->
    </test> <!-- LoginTest -->
  </suite> <!-- OrangeHRMApplication -->
</testng-results>
