<?xml version="1.0" encoding="UTF-8"?>
<!-- Generated by org.testng.reporters.JUnitXMLReporter -->
<testsuite ignored="0" hostname="Cnu" failures="0" tests="3" name="Default test" time="12.887" errors="0" timestamp="2023-01-17T10:27:08 IST">
  <testcase classname="com.OHMApplicationTesting.OrangeHRM_LogInTest" name="logInPageValidation" time="0.326"/>
  <testcase classname="com.OHMApplicationTesting.OrangeHRM_LogInTest" name="logInFuncationalityTest" time="3.671"/>
  <testcase classname="com.OHMApplicationTesting.OrangeHRM_LogInTest" name="OHRMApplicationHomePageValidation" time="1.906"/>
</testsuite> <!-- Default test -->
