<?xml version="1.0" encoding="UTF-8"?>
<!-- Generated by org.testng.reporters.JUnitXMLReporter -->
<testsuite ignored="0" hostname="Cnu" failures="1" tests="3" name="LogInPageTest" time="25.381" errors="0" timestamp="2023-01-25T10:53:51 IST">
  <testcase classname="com.OrangeHRMApplicationPagesTest.OrangeHRMLogInPageTest" name="logInPanelTextValidationTest" time="0.042">
    <failure type="java.lang.IllegalAccessError" message="class com.OrangeHRMApplicationPages.OrangeHRMLogInPage (in unnamed module @0x54336c81) cannot access class jdk.internal.org.jline.utils.Log (in module jdk.internal.le) because module jdk.internal.le does not export jdk.internal.org.jline.utils to unnamed module @0x54336c81">
      <![CDATA[java.lang.IllegalAccessError: class com.OrangeHRMApplicationPages.OrangeHRMLogInPage (in unnamed module @0x54336c81) cannot access class jdk.internal.org.jline.utils.Log (in module jdk.internal.le) because module jdk.internal.le does not export jdk.internal.org.jline.utils to unnamed module @0x54336c81
at com.OrangeHRMApplicationPages.OrangeHRMLogInPage.logInPanelTextValidation(OrangeHRMLogInPage.java:49)
at com.OrangeHRMApplicationPagesTest.OrangeHRMLogInPageTest.logInPanelTextValidationTest(OrangeHRMLogInPageTest.java:17)
at java.base/java.util.ArrayList.forEach(ArrayList.java:1541)
... Removed 27 stack frames]]>
    </failure>
  </testcase> <!-- logInPanelTextValidationTest -->
  <testcase classname="com.OrangeHRMApplicationPagesTest.OrangeHRMLogInPageTest" name="logInTest" time="2.424"/>
  <testcase classname="com.OrangeHRMApplicationPagesTest.OrangeHRMLogInPageTest" name="OrangeHRMLogoValidationTest" time="0.196"/>
</testsuite> <!-- LogInPageTest -->
