<?xml version="1.0" encoding="UTF-8"?>
<!-- Generated by org.testng.reporters.JUnitXMLReporter -->
<testsuite ignored="0" hostname="Cnu" failures="0" tests="7" name="Default test" time="32.696" errors="0" timestamp="2023-01-18T10:49:46 IST">
  <testcase classname="com.OHRMTestCases.AddEmployee" name="logInPageValidation" time="0.139"/>
  <testcase classname="com.OHRMTestCases.AddEmployee" name="logInFuncationalityTest" time="4.404"/>
  <testcase classname="com.OHRMTestCases.AddEmployee" name="OHRMApplicationHomePageValidation" time="0.24"/>
  <testcase classname="com.OHRMTestCases.AddEmployee" name="pim" time="0.177"/>
  <testcase classname="com.OHRMTestCases.AddEmployee" name="addEmployee" time="0.895"/>
  <testcase classname="com.OHRMTestCases.AddEmployee" name="creatingNewEmployee" time="13.774"/>
  <testcase classname="com.OHRMTestCases.AddEmployee" name="logOutTest" time="6.441"/>
</testsuite> <!-- Default test -->
