<?xml version="1.0" encoding="UTF-8"?>
<!-- Generated by org.testng.reporters.JUnitXMLReporter -->
<testsuite ignored="0" hostname="Cnu" failures="0" tests="3" name="LogInTest" time="18.376" errors="0" timestamp="2023-01-18T10:47:20 IST">
  <testcase classname="com.OHRMTestCases.OHRM_LogInTest" name="logInPageValidation" time="0.193"/>
  <testcase classname="com.OHRMTestCases.OHRM_LogInTest" name="logInFuncationalityTest" time="4.865"/>
  <testcase classname="com.OHRMTestCases.OHRM_LogInTest" name="OHRMApplicationHomePageValidation" time="2.934"/>
</testsuite> <!-- LogInTest -->
