<?xml version="1.0" encoding="UTF-8"?>
<!-- Generated by org.testng.reporters.JUnitXMLReporter -->
<testsuite ignored="0" hostname="Cnu" failures="0" tests="3" name="LogIn" time="29.208" errors="0" timestamp="2023-01-18T10:02:36 IST">
  <testcase classname="com.OHRMTestCases.OHRM_LogInTest" name="logInPageValidation" time="0.129"/>
  <testcase classname="com.OHRMTestCases.OHRM_LogInTest" name="logInFuncationalityTest" time="3.743"/>
  <testcase classname="com.OHRMTestCases.OHRM_LogInTest" name="OHRMApplicationHomePageValidation" time="1.823"/>
</testsuite> <!-- LogIn -->
