<?xml version="1.0" encoding="UTF-8"?>
<testng-results ignored="0" total="7" passed="7" failed="0" skipped="0">
  <reporter-output>
  </reporter-output>
  <suite started-at="2023-01-18T10:49:13 IST" name="Default suite" finished-at="2023-01-18T10:49:45 IST" duration-ms="32696">
    <groups>
    </groups>
    <test started-at="2023-01-18T10:49:13 IST" name="Default test" finished-at="2023-01-18T10:49:45 IST" duration-ms="32696">
      <class name="com.OHRMTestCases.AddEmployee">
        <test-method is-config="true" signature="setUp()[pri:0, instance:com.OHRMTestCases.AddEmployee@24fcf36f]" started-at="2023-01-18T10:49:13 IST" name="setUp" finished-at="2023-01-18T10:49:19 IST" duration-ms="6075" status="PASS">
          <reporter-output>
          </reporter-output>
        </test-method> <!-- setUp -->
        <test-method signature="logInPageValidation()[pri:1, instance:com.OHRMTestCases.AddEmployee@24fcf36f]" started-at="2023-01-18T10:49:19 IST" name="logInPageValidation" finished-at="2023-01-18T10:49:19 IST" duration-ms="139" status="PASS">
          <reporter-output>
          </reporter-output>
        </test-method> <!-- logInPageValidation -->
        <test-method signature="logInFuncationalityTest()[pri:2, instance:com.OHRMTestCases.AddEmployee@24fcf36f]" started-at="2023-01-18T10:49:19 IST" name="logInFuncationalityTest" finished-at="2023-01-18T10:49:23 IST" duration-ms="4404" status="PASS">
          <reporter-output>
          </reporter-output>
        </test-method> <!-- logInFuncationalityTest -->
        <test-method signature="OHRMApplicationHomePageValidation()[pri:3, instance:com.OHRMTestCases.AddEmployee@24fcf36f]" started-at="2023-01-18T10:49:23 IST" name="OHRMApplicationHomePageValidation" finished-at="2023-01-18T10:49:24 IST" duration-ms="240" status="PASS">
          <reporter-output>
          </reporter-output>
        </test-method> <!-- OHRMApplicationHomePageValidation -->
        <test-method signature="pim()[pri:4, instance:com.OHRMTestCases.AddEmployee@24fcf36f]" started-at="2023-01-18T10:49:24 IST" name="pim" finished-at="2023-01-18T10:49:24 IST" duration-ms="177" status="PASS">
          <reporter-output>
          </reporter-output>
        </test-method> <!-- pim -->
        <test-method signature="addEmployee()[pri:5, instance:com.OHRMTestCases.AddEmployee@24fcf36f]" started-at="2023-01-18T10:49:24 IST" name="addEmployee" finished-at="2023-01-18T10:49:25 IST" duration-ms="895" status="PASS">
          <reporter-output>
          </reporter-output>
        </test-method> <!-- addEmployee -->
        <test-method signature="creatingNewEmployee()[pri:6, instance:com.OHRMTestCases.AddEmployee@24fcf36f]" started-at="2023-01-18T10:49:25 IST" name="creatingNewEmployee" finished-at="2023-01-18T10:49:39 IST" duration-ms="13774" status="PASS">
          <reporter-output>
          </reporter-output>
        </test-method> <!-- creatingNewEmployee -->
        <test-method signature="logOutTest()[pri:7, instance:com.OHRMTestCases.AddEmployee@24fcf36f]" started-at="2023-01-18T10:49:39 IST" name="logOutTest" finished-at="2023-01-18T10:49:45 IST" duration-ms="6441" status="PASS">
          <reporter-output>
          </reporter-output>
        </test-method> <!-- logOutTest -->
        <test-method is-config="true" signature="tearDown()[pri:0, instance:com.OHRMTestCases.AddEmployee@24fcf36f]" started-at="2023-01-18T10:49:45 IST" name="tearDown" finished-at="2023-01-18T10:49:45 IST" duration-ms="439" status="PASS">
          <reporter-output>
          </reporter-output>
        </test-method> <!-- tearDown -->
      </class> <!-- com.OHRMTestCases.AddEmployee -->
    </test> <!-- Default test -->
  </suite> <!-- Default suite -->
</testng-results>
